2026-07-06 17:53:42,064 - INFO - ----Starting ingestion for begin_inventory.csv----
2026-07-06 17:53:42,273 - INFO - Ingesting chunk 1 of begin_inventory.csv into table begin_inventory
2026-07-06 17:53:46,549 - INFO - Ingesting chunk 2 of begin_inventory.csv into table begin_inventory
2026-07-06 17:53:47,327 - INFO - Ingesting chunk 3 of begin_inventory.csv into table begin_inventory
2026-07-06 17:53:48,200 - INFO - Ingesting chunk 4 of begin_inventory.csv into table begin_inventory
2026-07-06 17:53:49,018 - INFO - Ingesting chunk 5 of begin_inventory.csv into table begin_inventory
2026-07-06 17:53:49,283 - INFO - ----Starting ingestion for end_inventory.csv----
2026-07-06 17:53:49,474 - INFO - Ingesting chunk 1 of end_inventory.csv into table end_inventory
2026-07-06 17:53:54,387 - INFO - Ingesting chunk 2 of end_inventory.csv into table end_inventory
2026-07-06 17:53:55,298 - INFO - Ingesting chunk 3 of end_inventory.csv into table end_inventory
2026-07-06 17:53:56,090 - INFO - Ingesting chunk 4 of end_inventory.csv into table end_inventory
2026-07-06 17:53:56,860 - INFO - Ingesting chunk 5 of end_inventory.csv into table end_inventory
2026-07-06 17:53:57,268 - INFO - ----Starting ingestion for purchases.csv----
2026-07-06 17:53:57,747 - INFO - Ingesting chunk 1 of purchases.csv into table purchases
2026-07-06 17:54:19,067 - INFO - Ingesting chunk 2 of purchases.csv into table purchases
2026-07-06 17:54:20,207 - INFO - Ingesting chunk 3 of purchases.csv into table purchases
2026-07-06 17:54:21,264 - INFO - Ingesting chunk 4 of purchases.csv into table purchases
2026-07-06 17:54:22,361 - INFO - Ingesting chunk 5 of purchases.csv into table purchases
2026-07-06 17:54:23,410 - INFO - Ingesting chunk 6 of purchases.csv into table purchases
2026-07-06 17:54:24,410 - INFO - Ingesting chunk 7 of purchases.csv into table purchases
2026-07-06 17:54:25,420 - INFO - Ingesting chunk 8 of purchases.csv into table purchases
2026-07-06 17:54:26,559 - INFO - Ingesting chunk 9 of purchases.csv into table purchases
2026-07-06 17:54:27,636 - INFO - Ingesting chunk 10 of purchases.csv into table purchases
2026-07-06 17:54:28,641 - INFO - Ingesting chunk 11 of purchases.csv into table purchases
2026-07-06 17:54:29,979 - INFO - Ingesting chunk 12 of purchases.csv into table purchases
2026-07-06 17:54:30,998 - INFO - Ingesting chunk 13 of purchases.csv into table purchases
2026-07-06 17:54:32,092 - INFO - Ingesting chunk 14 of purchases.csv into table purchases
2026-07-06 17:54:33,162 - INFO - Ingesting chunk 15 of purchases.csv into table purchases
2026-07-06 17:54:34,164 - INFO - Ingesting chunk 16 of purchases.csv into table purchases
2026-07-06 17:54:35,188 - INFO - Ingesting chunk 17 of purchases.csv into table purchases
2026-07-06 17:54:36,203 - INFO - Ingesting chunk 18 of purchases.csv into table purchases
2026-07-06 17:54:37,271 - INFO - Ingesting chunk 19 of purchases.csv into table purchases
2026-07-06 17:54:38,336 - INFO - Ingesting chunk 20 of purchases.csv into table purchases
2026-07-06 17:54:39,407 - INFO - Ingesting chunk 21 of purchases.csv into table purchases
2026-07-06 17:54:40,685 - INFO - Ingesting chunk 22 of purchases.csv into table purchases
2026-07-06 17:54:42,173 - INFO - Ingesting chunk 23 of purchases.csv into table purchases
2026-07-06 17:54:43,553 - INFO - Ingesting chunk 24 of purchases.csv into table purchases
2026-07-06 17:54:44,651 - INFO - Ingesting chunk 25 of purchases.csv into table purchases
2026-07-06 17:54:45,685 - INFO - Ingesting chunk 26 of purchases.csv into table purchases
2026-07-06 17:54:46,814 - INFO - Ingesting chunk 27 of purchases.csv into table purchases
2026-07-06 17:54:47,987 - INFO - Ingesting chunk 28 of purchases.csv into table purchases
2026-07-06 17:54:49,071 - INFO - Ingesting chunk 29 of purchases.csv into table purchases
2026-07-06 17:54:50,098 - INFO - Ingesting chunk 30 of purchases.csv into table purchases
2026-07-06 17:54:51,408 - INFO - Ingesting chunk 31 of purchases.csv into table purchases
2026-07-06 17:54:52,431 - INFO - Ingesting chunk 32 of purchases.csv into table purchases
2026-07-06 17:54:53,572 - INFO - Ingesting chunk 33 of purchases.csv into table purchases
2026-07-06 17:54:54,580 - INFO - Ingesting chunk 34 of purchases.csv into table purchases
2026-07-06 17:54:55,607 - INFO - Ingesting chunk 35 of purchases.csv into table purchases
2026-07-06 17:54:56,670 - INFO - Ingesting chunk 36 of purchases.csv into table purchases
2026-07-06 17:54:57,803 - INFO - Ingesting chunk 37 of purchases.csv into table purchases
2026-07-06 17:54:58,934 - INFO - Ingesting chunk 38 of purchases.csv into table purchases
2026-07-06 17:55:00,002 - INFO - Ingesting chunk 39 of purchases.csv into table purchases
2026-07-06 17:55:01,083 - INFO - Ingesting chunk 40 of purchases.csv into table purchases
2026-07-06 17:55:02,448 - INFO - Ingesting chunk 41 of purchases.csv into table purchases
2026-07-06 17:55:03,553 - INFO - Ingesting chunk 42 of purchases.csv into table purchases
2026-07-06 17:55:04,544 - INFO - Ingesting chunk 43 of purchases.csv into table purchases
2026-07-06 17:55:05,535 - INFO - Ingesting chunk 44 of purchases.csv into table purchases
2026-07-06 17:55:06,626 - INFO - Ingesting chunk 45 of purchases.csv into table purchases
2026-07-06 17:55:08,117 - INFO - Ingesting chunk 46 of purchases.csv into table purchases
2026-07-06 17:55:09,269 - INFO - Ingesting chunk 47 of purchases.csv into table purchases
2026-07-06 17:55:10,217 - INFO - Ingesting chunk 48 of purchases.csv into table purchases
2026-07-06 17:55:10,782 - INFO - ----Starting ingestion for purchase_prices.csv----
2026-07-06 17:55:10,830 - INFO - Ingesting chunk 1 of purchase_prices.csv into table purchase_prices
2026-07-06 17:55:11,581 - INFO - ----Starting ingestion for sales.csv----
2026-07-06 17:55:11,782 - INFO - Ingesting chunk 1 of sales.csv into table sales
2026-07-06 17:57:42,100 - INFO - Ingesting chunk 2 of sales.csv into table sales
2026-07-06 17:57:43,040 - INFO - Ingesting chunk 3 of sales.csv into table sales
2026-07-06 17:57:43,960 - INFO - Ingesting chunk 4 of sales.csv into table sales
2026-07-06 17:57:44,858 - INFO - Ingesting chunk 5 of sales.csv into table sales
2026-07-06 17:57:45,763 - INFO - Ingesting chunk 6 of sales.csv into table sales
2026-07-06 17:57:46,690 - INFO - Ingesting chunk 7 of sales.csv into table sales
2026-07-06 17:57:47,619 - INFO - Ingesting chunk 8 of sales.csv into table sales
2026-07-06 17:57:48,652 - INFO - Ingesting chunk 9 of sales.csv into table sales
2026-07-06 17:57:49,532 - INFO - Ingesting chunk 10 of sales.csv into table sales
2026-07-06 17:57:50,442 - INFO - Ingesting chunk 11 of sales.csv into table sales
2026-07-06 17:57:51,370 - INFO - Ingesting chunk 12 of sales.csv into table sales
2026-07-06 17:57:52,418 - INFO - Ingesting chunk 13 of sales.csv into table sales
2026-07-06 17:57:53,324 - INFO - Ingesting chunk 14 of sales.csv into table sales
2026-07-06 17:57:54,282 - INFO - Ingesting chunk 15 of sales.csv into table sales
2026-07-06 17:57:55,301 - INFO - Ingesting chunk 16 of sales.csv into table sales
2026-07-06 17:57:56,252 - INFO - Ingesting chunk 17 of sales.csv into table sales
2026-07-06 17:57:57,206 - INFO - Ingesting chunk 18 of sales.csv into table sales
2026-07-06 17:57:58,214 - INFO - Ingesting chunk 19 of sales.csv into table sales
2026-07-06 17:57:59,248 - INFO - Ingesting chunk 20 of sales.csv into table sales
2026-07-06 17:58:00,163 - INFO - Ingesting chunk 21 of sales.csv into table sales
2026-07-06 17:58:01,080 - INFO - Ingesting chunk 22 of sales.csv into table sales
2026-07-06 17:58:02,057 - INFO - Ingesting chunk 23 of sales.csv into table sales
2026-07-06 17:58:03,006 - INFO - Ingesting chunk 24 of sales.csv into table sales
2026-07-06 17:58:04,031 - INFO - Ingesting chunk 25 of sales.csv into table sales
2026-07-06 17:58:04,955 - INFO - Ingesting chunk 26 of sales.csv into table sales
2026-07-06 17:58:05,879 - INFO - Ingesting chunk 27 of sales.csv into table sales
2026-07-06 17:58:06,832 - INFO - Ingesting chunk 28 of sales.csv into table sales
2026-07-06 17:58:07,814 - INFO - Ingesting chunk 29 of sales.csv into table sales
2026-07-06 17:58:08,738 - INFO - Ingesting chunk 30 of sales.csv into table sales
2026-07-06 17:58:09,745 - INFO - Ingesting chunk 31 of sales.csv into table sales
2026-07-06 17:58:10,677 - INFO - Ingesting chunk 32 of sales.csv into table sales
2026-07-06 17:58:11,728 - INFO - Ingesting chunk 33 of sales.csv into table sales
2026-07-06 17:58:12,786 - INFO - Ingesting chunk 34 of sales.csv into table sales
2026-07-06 17:58:13,709 - INFO - Ingesting chunk 35 of sales.csv into table sales
2026-07-06 17:58:14,741 - INFO - Ingesting chunk 36 of sales.csv into table sales
2026-07-06 17:58:15,643 - INFO - Ingesting chunk 37 of sales.csv into table sales
2026-07-06 17:58:16,605 - INFO - Ingesting chunk 38 of sales.csv into table sales
2026-07-06 17:58:17,486 - INFO - Ingesting chunk 39 of sales.csv into table sales
2026-07-06 17:58:18,438 - INFO - Ingesting chunk 40 of sales.csv into table sales
2026-07-06 17:58:19,410 - INFO - Ingesting chunk 41 of sales.csv into table sales
2026-07-06 17:58:20,480 - INFO - Ingesting chunk 42 of sales.csv into table sales
2026-07-06 17:58:21,444 - INFO - Ingesting chunk 43 of sales.csv into table sales
2026-07-06 17:58:22,465 - INFO - Ingesting chunk 44 of sales.csv into table sales
2026-07-06 17:58:23,391 - INFO - Ingesting chunk 45 of sales.csv into table sales
2026-07-06 17:58:24,283 - INFO - Ingesting chunk 46 of sales.csv into table sales
2026-07-06 17:58:25,372 - INFO - Ingesting chunk 47 of sales.csv into table sales
2026-07-06 17:58:26,287 - INFO - Ingesting chunk 48 of sales.csv into table sales
2026-07-06 17:58:27,294 - INFO - Ingesting chunk 49 of sales.csv into table sales
2026-07-06 17:58:28,309 - INFO - Ingesting chunk 50 of sales.csv into table sales
2026-07-06 17:58:29,633 - INFO - Ingesting chunk 51 of sales.csv into table sales
2026-07-06 17:58:30,728 - INFO - Ingesting chunk 52 of sales.csv into table sales
2026-07-06 17:58:31,822 - INFO - Ingesting chunk 53 of sales.csv into table sales
2026-07-06 17:58:32,762 - INFO - Ingesting chunk 54 of sales.csv into table sales
2026-07-06 17:58:33,728 - INFO - Ingesting chunk 55 of sales.csv into table sales
2026-07-06 17:58:34,645 - INFO - Ingesting chunk 56 of sales.csv into table sales
2026-07-06 17:58:35,540 - INFO - Ingesting chunk 57 of sales.csv into table sales
2026-07-06 17:58:36,555 - INFO - Ingesting chunk 58 of sales.csv into table sales
2026-07-06 17:58:37,463 - INFO - Ingesting chunk 59 of sales.csv into table sales
2026-07-06 17:58:38,368 - INFO - Ingesting chunk 60 of sales.csv into table sales
2026-07-06 17:58:39,251 - INFO - Ingesting chunk 61 of sales.csv into table sales
2026-07-06 17:58:40,165 - INFO - Ingesting chunk 62 of sales.csv into table sales
2026-07-06 17:58:41,166 - INFO - Ingesting chunk 63 of sales.csv into table sales
2026-07-06 17:58:42,187 - INFO - Ingesting chunk 64 of sales.csv into table sales
2026-07-06 17:58:43,078 - INFO - Ingesting chunk 65 of sales.csv into table sales
2026-07-06 17:58:43,962 - INFO - Ingesting chunk 66 of sales.csv into table sales
2026-07-06 17:58:44,869 - INFO - Ingesting chunk 67 of sales.csv into table sales
2026-07-06 17:58:45,806 - INFO - Ingesting chunk 68 of sales.csv into table sales
2026-07-06 17:58:46,707 - INFO - Ingesting chunk 69 of sales.csv into table sales
2026-07-06 17:58:47,636 - INFO - Ingesting chunk 70 of sales.csv into table sales
2026-07-06 17:58:48,556 - INFO - Ingesting chunk 71 of sales.csv into table sales
2026-07-06 17:58:49,543 - INFO - Ingesting chunk 72 of sales.csv into table sales
2026-07-06 17:58:50,457 - INFO - Ingesting chunk 73 of sales.csv into table sales
2026-07-06 17:58:51,376 - INFO - Ingesting chunk 74 of sales.csv into table sales
2026-07-06 17:58:52,554 - INFO - Ingesting chunk 75 of sales.csv into table sales
2026-07-06 17:58:53,503 - INFO - Ingesting chunk 76 of sales.csv into table sales
2026-07-06 17:58:54,428 - INFO - Ingesting chunk 77 of sales.csv into table sales
2026-07-06 17:58:55,353 - INFO - Ingesting chunk 78 of sales.csv into table sales
2026-07-06 17:58:56,273 - INFO - Ingesting chunk 79 of sales.csv into table sales
2026-07-06 17:58:57,188 - INFO - Ingesting chunk 80 of sales.csv into table sales
2026-07-06 17:58:58,255 - INFO - Ingesting chunk 81 of sales.csv into table sales
2026-07-06 17:58:59,171 - INFO - Ingesting chunk 82 of sales.csv into table sales
2026-07-06 17:59:00,123 - INFO - Ingesting chunk 83 of sales.csv into table sales
2026-07-06 17:59:01,096 - INFO - Ingesting chunk 84 of sales.csv into table sales
2026-07-06 17:59:02,072 - INFO - Ingesting chunk 85 of sales.csv into table sales
2026-07-06 17:59:03,102 - INFO - Ingesting chunk 86 of sales.csv into table sales
2026-07-06 17:59:04,034 - INFO - Ingesting chunk 87 of sales.csv into table sales
2026-07-06 17:59:05,000 - INFO - Ingesting chunk 88 of sales.csv into table sales
2026-07-06 17:59:05,923 - INFO - Ingesting chunk 89 of sales.csv into table sales
2026-07-06 17:59:06,839 - INFO - Ingesting chunk 90 of sales.csv into table sales
2026-07-06 17:59:07,868 - INFO - Ingesting chunk 91 of sales.csv into table sales
2026-07-06 17:59:09,013 - INFO - Ingesting chunk 92 of sales.csv into table sales
2026-07-06 17:59:10,516 - INFO - Ingesting chunk 93 of sales.csv into table sales
2026-07-06 17:59:12,073 - INFO - Ingesting chunk 94 of sales.csv into table sales
2026-07-06 17:59:13,559 - INFO - Ingesting chunk 95 of sales.csv into table sales
2026-07-06 17:59:14,953 - INFO - Ingesting chunk 96 of sales.csv into table sales
2026-07-06 17:59:16,288 - INFO - Ingesting chunk 97 of sales.csv into table sales
2026-07-06 17:59:17,686 - INFO - Ingesting chunk 98 of sales.csv into table sales
2026-07-06 17:59:19,274 - INFO - Ingesting chunk 99 of sales.csv into table sales
2026-07-06 17:59:20,876 - INFO - Ingesting chunk 100 of sales.csv into table sales
2026-07-06 17:59:22,458 - INFO - Ingesting chunk 101 of sales.csv into table sales
2026-07-06 17:59:24,087 - INFO - Ingesting chunk 102 of sales.csv into table sales
2026-07-06 17:59:25,665 - INFO - Ingesting chunk 103 of sales.csv into table sales
2026-07-06 17:59:27,213 - INFO - Ingesting chunk 104 of sales.csv into table sales
2026-07-06 17:59:28,697 - INFO - Ingesting chunk 105 of sales.csv into table sales
2026-07-06 17:59:30,273 - INFO - Ingesting chunk 106 of sales.csv into table sales
2026-07-06 17:59:31,875 - INFO - Ingesting chunk 107 of sales.csv into table sales
2026-07-06 17:59:33,418 - INFO - Ingesting chunk 108 of sales.csv into table sales
2026-07-06 17:59:35,084 - INFO - Ingesting chunk 109 of sales.csv into table sales
2026-07-06 17:59:36,643 - INFO - Ingesting chunk 110 of sales.csv into table sales
2026-07-06 17:59:38,044 - INFO - Ingesting chunk 111 of sales.csv into table sales
2026-07-06 17:59:39,464 - INFO - Ingesting chunk 112 of sales.csv into table sales
2026-07-06 17:59:41,091 - INFO - Ingesting chunk 113 of sales.csv into table sales
2026-07-06 17:59:42,688 - INFO - Ingesting chunk 114 of sales.csv into table sales
2026-07-06 17:59:44,319 - INFO - Ingesting chunk 115 of sales.csv into table sales
2026-07-06 17:59:46,116 - INFO - Ingesting chunk 116 of sales.csv into table sales
2026-07-06 17:59:47,560 - INFO - Ingesting chunk 117 of sales.csv into table sales
2026-07-06 17:59:48,877 - INFO - Ingesting chunk 118 of sales.csv into table sales
2026-07-06 17:59:50,340 - INFO - Ingesting chunk 119 of sales.csv into table sales
2026-07-06 17:59:51,937 - INFO - Ingesting chunk 120 of sales.csv into table sales
2026-07-06 17:59:53,760 - INFO - Ingesting chunk 121 of sales.csv into table sales
2026-07-06 17:59:55,247 - INFO - Ingesting chunk 122 of sales.csv into table sales
2026-07-06 17:59:57,084 - INFO - Ingesting chunk 123 of sales.csv into table sales
2026-07-06 17:59:58,427 - INFO - Ingesting chunk 124 of sales.csv into table sales
2026-07-06 17:59:59,832 - INFO - Ingesting chunk 125 of sales.csv into table sales
2026-07-06 18:00:01,444 - INFO - Ingesting chunk 126 of sales.csv into table sales
2026-07-06 18:00:02,976 - INFO - Ingesting chunk 127 of sales.csv into table sales
2026-07-06 18:00:05,350 - INFO - Ingesting chunk 128 of sales.csv into table sales
2026-07-06 18:00:07,047 - INFO - Ingesting chunk 129 of sales.csv into table sales
2026-07-06 18:00:08,889 - INFO - Ingesting chunk 130 of sales.csv into table sales
2026-07-06 18:00:10,468 - INFO - Ingesting chunk 131 of sales.csv into table sales
2026-07-06 18:00:11,919 - INFO - Ingesting chunk 132 of sales.csv into table sales
2026-07-06 18:00:13,584 - INFO - Ingesting chunk 133 of sales.csv into table sales
2026-07-06 18:00:15,200 - INFO - Ingesting chunk 134 of sales.csv into table sales
2026-07-06 18:00:17,162 - INFO - Ingesting chunk 135 of sales.csv into table sales
2026-07-06 18:00:18,613 - INFO - Ingesting chunk 136 of sales.csv into table sales
2026-07-06 18:00:19,983 - INFO - Ingesting chunk 137 of sales.csv into table sales
2026-07-06 18:00:21,490 - INFO - Ingesting chunk 138 of sales.csv into table sales
2026-07-06 18:00:23,138 - INFO - Ingesting chunk 139 of sales.csv into table sales
2026-07-06 18:00:24,794 - INFO - Ingesting chunk 140 of sales.csv into table sales
2026-07-06 18:00:26,490 - INFO - Ingesting chunk 141 of sales.csv into table sales
2026-07-06 18:00:28,133 - INFO - Ingesting chunk 142 of sales.csv into table sales
2026-07-06 18:00:29,817 - INFO - Ingesting chunk 143 of sales.csv into table sales
2026-07-06 18:00:31,427 - INFO - Ingesting chunk 144 of sales.csv into table sales
2026-07-06 18:00:33,091 - INFO - Ingesting chunk 145 of sales.csv into table sales
2026-07-06 18:00:34,719 - INFO - Ingesting chunk 146 of sales.csv into table sales
2026-07-06 18:00:36,063 - INFO - Ingesting chunk 147 of sales.csv into table sales
2026-07-06 18:00:37,691 - INFO - Ingesting chunk 148 of sales.csv into table sales
2026-07-06 18:00:39,140 - INFO - Ingesting chunk 149 of sales.csv into table sales
2026-07-06 18:00:40,686 - INFO - Ingesting chunk 150 of sales.csv into table sales
2026-07-06 18:00:42,170 - INFO - Ingesting chunk 151 of sales.csv into table sales
2026-07-06 18:00:43,678 - INFO - Ingesting chunk 152 of sales.csv into table sales
2026-07-06 18:00:45,151 - INFO - Ingesting chunk 153 of sales.csv into table sales
2026-07-06 18:00:46,659 - INFO - Ingesting chunk 154 of sales.csv into table sales
2026-07-06 18:00:48,210 - INFO - Ingesting chunk 155 of sales.csv into table sales
2026-07-06 18:00:49,673 - INFO - Ingesting chunk 156 of sales.csv into table sales
2026-07-06 18:00:51,108 - INFO - Ingesting chunk 157 of sales.csv into table sales
2026-07-06 18:00:52,670 - INFO - Ingesting chunk 158 of sales.csv into table sales
2026-07-06 18:00:54,300 - INFO - Ingesting chunk 159 of sales.csv into table sales
2026-07-06 18:00:55,937 - INFO - Ingesting chunk 160 of sales.csv into table sales
2026-07-06 18:00:57,582 - INFO - Ingesting chunk 161 of sales.csv into table sales
2026-07-06 18:00:59,242 - INFO - Ingesting chunk 162 of sales.csv into table sales
2026-07-06 18:01:00,759 - INFO - Ingesting chunk 163 of sales.csv into table sales
2026-07-06 18:01:02,264 - INFO - Ingesting chunk 164 of sales.csv into table sales
2026-07-06 18:01:03,695 - INFO - Ingesting chunk 165 of sales.csv into table sales
2026-07-06 18:01:05,407 - INFO - Ingesting chunk 166 of sales.csv into table sales
2026-07-06 18:01:07,014 - INFO - Ingesting chunk 167 of sales.csv into table sales
2026-07-06 18:01:08,646 - INFO - Ingesting chunk 168 of sales.csv into table sales
2026-07-06 18:01:10,281 - INFO - Ingesting chunk 169 of sales.csv into table sales
2026-07-06 18:01:11,576 - INFO - Ingesting chunk 170 of sales.csv into table sales
2026-07-06 18:01:12,997 - INFO - Ingesting chunk 171 of sales.csv into table sales
2026-07-06 18:01:14,513 - INFO - Ingesting chunk 172 of sales.csv into table sales
2026-07-06 18:01:15,992 - INFO - Ingesting chunk 173 of sales.csv into table sales
2026-07-06 18:01:17,541 - INFO - Ingesting chunk 174 of sales.csv into table sales
2026-07-06 18:01:19,040 - INFO - Ingesting chunk 175 of sales.csv into table sales
2026-07-06 18:01:20,648 - INFO - Ingesting chunk 176 of sales.csv into table sales
2026-07-06 18:01:22,183 - INFO - Ingesting chunk 177 of sales.csv into table sales
2026-07-06 18:01:23,527 - INFO - Ingesting chunk 178 of sales.csv into table sales
2026-07-06 18:01:24,914 - INFO - Ingesting chunk 179 of sales.csv into table sales
2026-07-06 18:01:26,541 - INFO - Ingesting chunk 180 of sales.csv into table sales
2026-07-06 18:01:28,076 - INFO - Ingesting chunk 181 of sales.csv into table sales
2026-07-06 18:01:29,528 - INFO - Ingesting chunk 182 of sales.csv into table sales
2026-07-06 18:01:31,188 - INFO - Ingesting chunk 183 of sales.csv into table sales
2026-07-06 18:01:32,828 - INFO - Ingesting chunk 184 of sales.csv into table sales
2026-07-06 18:01:34,206 - INFO - Ingesting chunk 185 of sales.csv into table sales
2026-07-06 18:01:35,828 - INFO - Ingesting chunk 186 of sales.csv into table sales
2026-07-06 18:01:37,615 - INFO - Ingesting chunk 187 of sales.csv into table sales
2026-07-06 18:01:39,195 - INFO - Ingesting chunk 188 of sales.csv into table sales
2026-07-06 18:01:40,923 - INFO - Ingesting chunk 189 of sales.csv into table sales
2026-07-06 18:01:42,190 - INFO - Ingesting chunk 190 of sales.csv into table sales
2026-07-06 18:01:43,563 - INFO - Ingesting chunk 191 of sales.csv into table sales
2026-07-06 18:01:45,160 - INFO - Ingesting chunk 192 of sales.csv into table sales
2026-07-06 18:01:46,989 - INFO - Ingesting chunk 193 of sales.csv into table sales
2026-07-06 18:01:48,462 - INFO - Ingesting chunk 194 of sales.csv into table sales
2026-07-06 18:01:50,049 - INFO - Ingesting chunk 195 of sales.csv into table sales
2026-07-06 18:01:51,801 - INFO - Ingesting chunk 196 of sales.csv into table sales
2026-07-06 18:01:53,165 - INFO - Ingesting chunk 197 of sales.csv into table sales
2026-07-06 18:01:54,652 - INFO - Ingesting chunk 198 of sales.csv into table sales
2026-07-06 18:01:56,043 - INFO - Ingesting chunk 199 of sales.csv into table sales
2026-07-06 18:01:57,475 - INFO - Ingesting chunk 200 of sales.csv into table sales
2026-07-06 18:01:59,014 - INFO - Ingesting chunk 201 of sales.csv into table sales
2026-07-06 18:02:00,521 - INFO - Ingesting chunk 202 of sales.csv into table sales
2026-07-06 18:02:02,046 - INFO - Ingesting chunk 203 of sales.csv into table sales
2026-07-06 18:02:03,471 - INFO - Ingesting chunk 204 of sales.csv into table sales
2026-07-06 18:02:05,096 - INFO - Ingesting chunk 205 of sales.csv into table sales
2026-07-06 18:02:06,918 - INFO - Ingesting chunk 206 of sales.csv into table sales
2026-07-06 18:02:08,449 - INFO - Ingesting chunk 207 of sales.csv into table sales
2026-07-06 18:02:09,991 - INFO - Ingesting chunk 208 of sales.csv into table sales
2026-07-06 18:02:11,506 - INFO - Ingesting chunk 209 of sales.csv into table sales
2026-07-06 18:02:13,113 - INFO - Ingesting chunk 210 of sales.csv into table sales
2026-07-06 18:02:14,670 - INFO - Ingesting chunk 211 of sales.csv into table sales
2026-07-06 18:02:16,246 - INFO - Ingesting chunk 212 of sales.csv into table sales
2026-07-06 18:02:17,906 - INFO - Ingesting chunk 213 of sales.csv into table sales
2026-07-06 18:02:19,306 - INFO - Ingesting chunk 214 of sales.csv into table sales
2026-07-06 18:02:20,701 - INFO - Ingesting chunk 215 of sales.csv into table sales
2026-07-06 18:02:22,356 - INFO - Ingesting chunk 216 of sales.csv into table sales
2026-07-06 18:02:23,867 - INFO - Ingesting chunk 217 of sales.csv into table sales
2026-07-06 18:02:25,508 - INFO - Ingesting chunk 218 of sales.csv into table sales
2026-07-06 18:02:27,173 - INFO - Ingesting chunk 219 of sales.csv into table sales
2026-07-06 18:02:28,858 - INFO - Ingesting chunk 220 of sales.csv into table sales
2026-07-06 18:02:30,279 - INFO - Ingesting chunk 221 of sales.csv into table sales
2026-07-06 18:02:31,747 - INFO - Ingesting chunk 222 of sales.csv into table sales
2026-07-06 18:02:33,383 - INFO - Ingesting chunk 223 of sales.csv into table sales
2026-07-06 18:02:34,938 - INFO - Ingesting chunk 224 of sales.csv into table sales
2026-07-06 18:02:36,391 - INFO - Ingesting chunk 225 of sales.csv into table sales
2026-07-06 18:02:37,735 - INFO - Ingesting chunk 226 of sales.csv into table sales
2026-07-06 18:02:39,169 - INFO - Ingesting chunk 227 of sales.csv into table sales
2026-07-06 18:02:40,700 - INFO - Ingesting chunk 228 of sales.csv into table sales
2026-07-06 18:02:42,469 - INFO - Ingesting chunk 229 of sales.csv into table sales
2026-07-06 18:02:43,888 - INFO - Ingesting chunk 230 of sales.csv into table sales
2026-07-06 18:02:45,553 - INFO - Ingesting chunk 231 of sales.csv into table sales
2026-07-06 18:02:47,341 - INFO - Ingesting chunk 232 of sales.csv into table sales
2026-07-06 18:02:49,017 - INFO - Ingesting chunk 233 of sales.csv into table sales
2026-07-06 18:02:50,759 - INFO - Ingesting chunk 234 of sales.csv into table sales
2026-07-06 18:02:52,462 - INFO - Ingesting chunk 235 of sales.csv into table sales
2026-07-06 18:02:54,146 - INFO - Ingesting chunk 236 of sales.csv into table sales
2026-07-06 18:02:55,722 - INFO - Ingesting chunk 237 of sales.csv into table sales
2026-07-06 18:02:57,419 - INFO - Ingesting chunk 238 of sales.csv into table sales
2026-07-06 18:02:59,856 - INFO - Ingesting chunk 239 of sales.csv into table sales
2026-07-06 18:03:02,175 - INFO - Ingesting chunk 240 of sales.csv into table sales
2026-07-06 18:03:04,099 - INFO - Ingesting chunk 241 of sales.csv into table sales
2026-07-06 18:03:06,125 - INFO - Ingesting chunk 242 of sales.csv into table sales
2026-07-06 18:03:08,482 - INFO - Ingesting chunk 243 of sales.csv into table sales
2026-07-06 18:03:10,489 - INFO - Ingesting chunk 244 of sales.csv into table sales
2026-07-06 18:03:12,543 - INFO - Ingesting chunk 245 of sales.csv into table sales
2026-07-06 18:03:14,182 - INFO - Ingesting chunk 246 of sales.csv into table sales
2026-07-06 18:03:15,712 - INFO - Ingesting chunk 247 of sales.csv into table sales
2026-07-06 18:03:17,175 - INFO - Ingesting chunk 248 of sales.csv into table sales
2026-07-06 18:03:18,804 - INFO - Ingesting chunk 249 of sales.csv into table sales
2026-07-06 18:03:20,419 - INFO - Ingesting chunk 250 of sales.csv into table sales
2026-07-06 18:03:22,135 - INFO - Ingesting chunk 251 of sales.csv into table sales
2026-07-06 18:03:23,666 - INFO - Ingesting chunk 252 of sales.csv into table sales
2026-07-06 18:03:25,549 - INFO - Ingesting chunk 253 of sales.csv into table sales
2026-07-06 18:03:27,068 - INFO - Ingesting chunk 254 of sales.csv into table sales
2026-07-06 18:03:28,585 - INFO - Ingesting chunk 255 of sales.csv into table sales
2026-07-06 18:03:30,029 - INFO - Ingesting chunk 256 of sales.csv into table sales
2026-07-06 18:03:31,795 - INFO - Ingesting chunk 257 of sales.csv into table sales
2026-07-06 18:03:32,969 - INFO - ----Starting ingestion for vendor_invoice.csv----
2026-07-06 18:03:33,071 - INFO - Ingesting chunk 1 of vendor_invoice.csv into table vendor_invoice
2026-07-06 18:03:33,885 - INFO - ----Ingestion completed----
2026-07-06 18:03:33,885 - INFO - Total time taken for ingestion: 591.82 seconds
